{"level":"debug","time":"2023-11-13T15:05:18.655Z","caller":"ulimit/ulimit.go:35","msg":"File descriptor limit 1048576"}
{"level":"info","time":"2023-11-13T15:05:18.719Z","caller":"cmd/lt.go:183","msg":"LambdaTest Tunnel version: 3.1.31"}
{"level":"debug","time":"2023-11-13T15:05:18.719Z","caller":"core/lifecycle.go:41","msg":"Starting pipeline....."}
{"level":"debug","time":"2023-11-13T15:05:18.719Z","caller":"core/lifecycle.go:42","msg":"OS: linux, Arch: amd64"}
{"level":"debug","time":"2023-11-13T15:05:18.719Z","caller":"core/lifecycle.go:43","msg":"Fetching config"}
{"level":"debug","time":"2023-11-13T15:05:18.719Z","caller":"core/lifecycle.go:65","msg":"Starting tunnel With flags: --user mayankmaurya --key ***** --tunnelName T1 --controller npm --infoAPIPort 45457 --logFile mayank2193-wdiocucumber-pkjgrbeo6cm45457.log --port 41039"}
{"level":"debug","time":"2023-11-13T15:05:19.131Z","caller":"core/lifecycle.go:83","msg":"Remote config fetched"}
{"level":"debug","time":"2023-11-13T15:05:19.217Z","caller":"custom/setup.go:752","msg":"Starting sink proxy"}
{"level":"debug","time":"2023-11-13T15:05:19.217Z","caller":"networkscanner/setup.go:63","msg":"Trying on port 22"}
{"level":"debug","time":"2023-11-13T15:05:19.217Z","caller":"networkscanner/setup.go:131","msg":"Trying over ssh over ws"}
{"level":"debug","time":"2023-11-13T15:05:19.217Z","caller":"networkscanner/setup.go:97","msg":"Trying on port 443"}
{"level":"debug","time":"2023-11-13T15:05:19.217Z","caller":"apiserver/setup.go:154","msg":"Starting API server"}
{"level":"debug","time":"2023-11-13T15:05:19.219Z","caller":"apiserver/setup.go:136","msg":"Starting API server for tunnel info on port: 45457"}
{"level":"info","time":"2023-11-13T15:05:19.219Z","caller":"custom/setup.go:699","msg":"Tunnel binary started on port :41039"}
{"level":"debug","time":"2023-11-13T15:05:19.552Z","caller":"networkscanner/setup.go:148","msg":"WSS connection was successful"}
{"level":"debug","time":"2023-11-13T15:05:20.150Z","caller":"networkscanner/setup.go:118","msg":"SSH connection over port 443 successful"}
{"level":"debug","time":"2023-11-13T15:05:20.269Z","caller":"networkscanner/setup.go:173","msg":"SSH connection over ws successful"}
{"level":"debug","time":"2023-11-13T15:05:20.295Z","caller":"networkscanner/setup.go:84","msg":"SSH connection over port 22 successful"}
{"level":"info","time":"2023-11-13T15:05:20.295Z","caller":"core/lifecycle.go:120","msg":"Using ssh(over_22) :: connection mode"}
{"level":"info","time":"2023-11-13T15:05:20.295Z","caller":"core/lifecycle.go:250","msg":"Launching tunnel"}
{"level":"debug","time":"2023-11-13T15:05:20.295Z","caller":"ws/control.go:34","msg":"Starting control ws connection at wss://ts.lambdatest.com/monitor"}
{"level":"debug","time":"2023-11-13T15:05:21.063Z","caller":"ws/control.go:72","msg":"Control ws channel opened"}
{"level":"debug","time":"2023-11-13T15:05:21.063Z","caller":"ws/control.go:131","msg":"Starting message listener on control connection"}
{"level":"debug","time":"2023-11-13T15:05:21.556Z","caller":"core/lifecycle.go:322","msg":"Sending tunnel registered message to channels"}
{"level":"debug","time":"2023-11-13T15:05:21.556Z","caller":"ssh/setup.go:71","msg":"Using 5 ssh connection"}
{"level":"debug","time":"2023-11-13T15:05:21.556Z","caller":"ws/control.go:196","msg":"Tunnel registered message received on control channel"}
{"level":"debug","time":"2023-11-13T15:05:21.556Z","caller":"ws/control.go:200","msg":"controller bus registered"}
{"level":"debug","time":"2023-11-13T15:05:22.520Z","caller":"core/lifecycle.go:379","msg":"Context cancelled"}
{"level":"info","time":"2023-11-13T15:05:22.520Z","caller":"core/lifecycle.go:381","msg":"Stopping tunnel"}
{"level":"debug","time":"2023-11-13T15:05:22.520Z","caller":"apiserver/setup.go:132","msg":"Shutting down the server"}
{"level":"debug","time":"2023-11-13T15:05:22.520Z","caller":"custom/setup.go:740","msg":"Exiting the sink proxy"}
{"level":"debug","time":"2023-11-13T15:05:22.521Z","caller":"ws/control.go:140","msg":"Unusual close error on control channel..."}
{"level":"debug","time":"2023-11-13T15:05:22.522Z","caller":"ws/control.go:193","msg":"Write loop ended for control channel"}
{"level":"debug","time":"2023-11-13T15:05:22.616Z","caller":"ssh/ssh.go:216","msg":"Successfully started sshd listener on port: 16805"}
{"level":"debug","time":"2023-11-13T15:05:22.657Z","caller":"ssh/ssh.go:216","msg":"Successfully started sshd listener on port: 29894"}
{"level":"debug","time":"2023-11-13T15:05:22.682Z","caller":"ssh/ssh.go:216","msg":"Successfully started sshd listener on port: 30543"}
{"level":"debug","time":"2023-11-13T15:05:22.712Z","caller":"ssh/ssh.go:216","msg":"Successfully started sshd listener on port: 12152"}
{"level":"debug","time":"2023-11-13T15:05:22.724Z","caller":"ssh/ssh.go:216","msg":"Successfully started sshd listener on port: 15378"}
{"level":"debug","time":"2023-11-13T15:05:23.114Z","caller":"ssh/ssh.go:222","msg":"Remote connection on remote port: 15378 closed, reason: EOF"}
{"level":"debug","time":"2023-11-13T15:05:23.114Z","caller":"ssh/ssh.go:244","msg":"closed ssh connection with port 15378"}
{"level":"debug","time":"2023-11-13T15:05:23.115Z","caller":"ssh/ssh.go:222","msg":"Remote connection on remote port: 12152 closed, reason: EOF"}
{"level":"debug","time":"2023-11-13T15:05:23.115Z","caller":"ssh/ssh.go:244","msg":"closed ssh connection with port 12152"}
{"level":"debug","time":"2023-11-13T15:05:23.115Z","caller":"ssh/ssh.go:222","msg":"Remote connection on remote port: 30543 closed, reason: EOF"}
{"level":"debug","time":"2023-11-13T15:05:23.115Z","caller":"ssh/ssh.go:244","msg":"closed ssh connection with port 30543"}
{"level":"debug","time":"2023-11-13T15:05:23.115Z","caller":"ssh/ssh.go:222","msg":"Remote connection on remote port: 29894 closed, reason: EOF"}
{"level":"debug","time":"2023-11-13T15:05:23.115Z","caller":"ssh/ssh.go:244","msg":"closed ssh connection with port 29894"}
{"level":"debug","time":"2023-11-13T15:05:23.117Z","caller":"ssh/ssh.go:222","msg":"Remote connection on remote port: 16805 closed, reason: EOF"}
{"level":"debug","time":"2023-11-13T15:05:23.117Z","caller":"ssh/ssh.go:244","msg":"closed ssh connection with port 16805"}
