{"level":"debug","time":"2023-11-13T14:48:40.051Z","caller":"ulimit/ulimit.go:35","msg":"File descriptor limit 1048576"}
{"level":"info","time":"2023-11-13T14:48:40.154Z","caller":"cmd/lt.go:183","msg":"LambdaTest Tunnel version: 3.1.31"}
{"level":"debug","time":"2023-11-13T14:48:40.154Z","caller":"core/lifecycle.go:41","msg":"Starting pipeline....."}
{"level":"debug","time":"2023-11-13T14:48:40.154Z","caller":"core/lifecycle.go:42","msg":"OS: linux, Arch: amd64"}
{"level":"debug","time":"2023-11-13T14:48:40.154Z","caller":"core/lifecycle.go:43","msg":"Fetching config"}
{"level":"debug","time":"2023-11-13T14:48:40.154Z","caller":"core/lifecycle.go:65","msg":"Starting tunnel With flags: --user mayankmaurya --key ***** --tunnelName T1 --controller npm --infoAPIPort 45225 --logFile mayank2193-wdiocucumber-pkjgrbeo6cm45225.log --port 45347"}
{"level":"debug","time":"2023-11-13T14:48:40.545Z","caller":"core/lifecycle.go:83","msg":"Remote config fetched"}
{"level":"debug","time":"2023-11-13T14:48:40.674Z","caller":"apiserver/setup.go:154","msg":"Starting API server"}
{"level":"debug","time":"2023-11-13T14:48:40.674Z","caller":"networkscanner/setup.go:97","msg":"Trying on port 443"}
{"level":"debug","time":"2023-11-13T14:48:40.674Z","caller":"custom/setup.go:752","msg":"Starting sink proxy"}
{"level":"debug","time":"2023-11-13T14:48:40.674Z","caller":"networkscanner/setup.go:131","msg":"Trying over ssh over ws"}
{"level":"debug","time":"2023-11-13T14:48:40.675Z","caller":"apiserver/setup.go:136","msg":"Starting API server for tunnel info on port: 45225"}
{"level":"debug","time":"2023-11-13T14:48:40.674Z","caller":"networkscanner/setup.go:63","msg":"Trying on port 22"}
{"level":"info","time":"2023-11-13T14:48:40.676Z","caller":"custom/setup.go:699","msg":"Tunnel binary started on port :45347"}
{"level":"debug","time":"2023-11-13T14:48:40.994Z","caller":"networkscanner/setup.go:148","msg":"WSS connection was successful"}
{"level":"debug","time":"2023-11-13T14:48:41.591Z","caller":"networkscanner/setup.go:173","msg":"SSH connection over ws successful"}
{"level":"debug","time":"2023-11-13T14:48:41.719Z","caller":"networkscanner/setup.go:118","msg":"SSH connection over port 443 successful"}
{"level":"debug","time":"2023-11-13T14:48:41.721Z","caller":"networkscanner/setup.go:84","msg":"SSH connection over port 22 successful"}
{"level":"info","time":"2023-11-13T14:48:41.721Z","caller":"core/lifecycle.go:120","msg":"Using ssh(over_22) :: connection mode"}
{"level":"info","time":"2023-11-13T14:48:41.721Z","caller":"core/lifecycle.go:250","msg":"Launching tunnel"}
{"level":"debug","time":"2023-11-13T14:48:41.721Z","caller":"ws/control.go:34","msg":"Starting control ws connection at wss://ts.lambdatest.com/monitor"}
{"level":"debug","time":"2023-11-13T14:48:42.257Z","caller":"ws/control.go:72","msg":"Control ws channel opened"}
{"level":"debug","time":"2023-11-13T14:48:42.257Z","caller":"ws/control.go:131","msg":"Starting message listener on control connection"}
{"level":"debug","time":"2023-11-13T14:48:42.879Z","caller":"core/lifecycle.go:322","msg":"Sending tunnel registered message to channels"}
{"level":"debug","time":"2023-11-13T14:48:42.879Z","caller":"ssh/setup.go:71","msg":"Using 5 ssh connection"}
{"level":"debug","time":"2023-11-13T14:48:42.880Z","caller":"ws/control.go:196","msg":"Tunnel registered message received on control channel"}
{"level":"debug","time":"2023-11-13T14:48:42.880Z","caller":"ws/control.go:200","msg":"controller bus registered"}
{"level":"debug","time":"2023-11-13T14:48:43.909Z","caller":"ssh/ssh.go:216","msg":"Successfully started sshd listener on port: 26130"}
{"level":"debug","time":"2023-11-13T14:48:43.939Z","caller":"ssh/ssh.go:216","msg":"Successfully started sshd listener on port: 20862"}
{"level":"info","time":"2023-11-13T14:48:43.939Z","caller":"core/lifecycle.go:336","msg":"You can start testing now"}
{"level":"info","time":"2023-11-13T14:48:43.939Z","caller":"core/lifecycle.go:337","msg":"Tunnel ID: 5227447"}
{"level":"debug","time":"2023-11-13T14:48:43.939Z","caller":"core/lifecycle.go:338","msg":"Remote Listener Started on Port 5643"}
{"level":"debug","time":"2023-11-13T14:48:43.948Z","caller":"ssh/ssh.go:216","msg":"Successfully started sshd listener on port: 25055"}
{"level":"debug","time":"2023-11-13T14:48:43.979Z","caller":"ssh/ssh.go:216","msg":"Successfully started sshd listener on port: 24712"}
{"level":"debug","time":"2023-11-13T14:48:44.021Z","caller":"ssh/ssh.go:216","msg":"Successfully started sshd listener on port: 21970"}
{"level":"debug","time":"2023-11-13T14:48:44.184Z","caller":"core/lifecycle.go:379","msg":"Context cancelled"}
{"level":"info","time":"2023-11-13T14:48:44.184Z","caller":"core/lifecycle.go:381","msg":"Stopping tunnel"}
{"level":"debug","time":"2023-11-13T14:48:44.184Z","caller":"custom/setup.go:740","msg":"Exiting the sink proxy"}
{"level":"debug","time":"2023-11-13T14:48:44.184Z","caller":"apiserver/setup.go:132","msg":"Shutting down the server"}
{"level":"debug","time":"2023-11-13T14:48:44.185Z","caller":"ws/control.go:140","msg":"Unusual close error on control channel..."}
{"level":"debug","time":"2023-11-13T14:48:44.185Z","caller":"ws/control.go:193","msg":"Write loop ended for control channel"}
