{"level":"debug","time":"2023-11-13T14:46:08.592Z","caller":"ulimit/ulimit.go:35","msg":"File descriptor limit 1048576"}
{"level":"info","time":"2023-11-13T14:46:08.776Z","caller":"cmd/lt.go:183","msg":"LambdaTest Tunnel version: 3.1.31"}
{"level":"debug","time":"2023-11-13T14:46:08.777Z","caller":"core/lifecycle.go:41","msg":"Starting pipeline....."}
{"level":"debug","time":"2023-11-13T14:46:08.777Z","caller":"core/lifecycle.go:42","msg":"OS: linux, Arch: amd64"}
{"level":"debug","time":"2023-11-13T14:46:08.777Z","caller":"core/lifecycle.go:43","msg":"Fetching config"}
{"level":"debug","time":"2023-11-13T14:46:08.777Z","caller":"core/lifecycle.go:65","msg":"Starting tunnel With flags: --user mayankmaurya --key ***** --tunnelName T1 --controller npm --infoAPIPort 34441 --logFile mayank2193-wdiocucumber-pkjgrbeo6cm34441.log --port 43469"}
{"level":"debug","time":"2023-11-13T14:46:09.190Z","caller":"core/lifecycle.go:83","msg":"Remote config fetched"}
{"level":"debug","time":"2023-11-13T14:46:09.443Z","caller":"apiserver/setup.go:154","msg":"Starting API server"}
{"level":"debug","time":"2023-11-13T14:46:09.443Z","caller":"custom/setup.go:752","msg":"Starting sink proxy"}
{"level":"debug","time":"2023-11-13T14:46:09.444Z","caller":"networkscanner/setup.go:131","msg":"Trying over ssh over ws"}
{"level":"debug","time":"2023-11-13T14:46:09.443Z","caller":"networkscanner/setup.go:97","msg":"Trying on port 443"}
{"level":"debug","time":"2023-11-13T14:46:09.444Z","caller":"networkscanner/setup.go:63","msg":"Trying on port 22"}
{"level":"debug","time":"2023-11-13T14:46:09.445Z","caller":"apiserver/setup.go:136","msg":"Starting API server for tunnel info on port: 34441"}
{"level":"info","time":"2023-11-13T14:46:09.446Z","caller":"custom/setup.go:699","msg":"Tunnel binary started on port :43469"}
{"level":"debug","time":"2023-11-13T14:46:09.712Z","caller":"networkscanner/setup.go:148","msg":"WSS connection was successful"}
{"level":"debug","time":"2023-11-13T14:46:10.322Z","caller":"networkscanner/setup.go:173","msg":"SSH connection over ws successful"}
{"level":"debug","time":"2023-11-13T14:46:10.467Z","caller":"networkscanner/setup.go:84","msg":"SSH connection over port 22 successful"}
{"level":"debug","time":"2023-11-13T14:46:10.470Z","caller":"networkscanner/setup.go:118","msg":"SSH connection over port 443 successful"}
{"level":"info","time":"2023-11-13T14:46:10.470Z","caller":"core/lifecycle.go:120","msg":"Using ssh(over_22) :: connection mode"}
{"level":"info","time":"2023-11-13T14:46:10.470Z","caller":"core/lifecycle.go:250","msg":"Launching tunnel"}
{"level":"debug","time":"2023-11-13T14:46:10.470Z","caller":"ws/control.go:34","msg":"Starting control ws connection at wss://ts.lambdatest.com/monitor"}
{"level":"debug","time":"2023-11-13T14:46:10.844Z","caller":"ws/control.go:72","msg":"Control ws channel opened"}
{"level":"debug","time":"2023-11-13T14:46:10.844Z","caller":"ws/control.go:131","msg":"Starting message listener on control connection"}
{"level":"debug","time":"2023-11-13T14:46:11.482Z","caller":"core/lifecycle.go:322","msg":"Sending tunnel registered message to channels"}
{"level":"debug","time":"2023-11-13T14:46:11.482Z","caller":"ws/control.go:196","msg":"Tunnel registered message received on control channel"}
{"level":"debug","time":"2023-11-13T14:46:11.482Z","caller":"ws/control.go:200","msg":"controller bus registered"}
{"level":"debug","time":"2023-11-13T14:46:11.482Z","caller":"ssh/setup.go:71","msg":"Using 5 ssh connection"}
{"level":"debug","time":"2023-11-13T14:46:12.582Z","caller":"ssh/ssh.go:216","msg":"Successfully started sshd listener on port: 19181"}
{"level":"debug","time":"2023-11-13T14:46:12.636Z","caller":"ssh/ssh.go:216","msg":"Successfully started sshd listener on port: 9778"}
{"level":"info","time":"2023-11-13T14:46:12.636Z","caller":"core/lifecycle.go:336","msg":"You can start testing now"}
{"level":"info","time":"2023-11-13T14:46:12.636Z","caller":"core/lifecycle.go:337","msg":"Tunnel ID: 5227435"}
{"level":"debug","time":"2023-11-13T14:46:12.636Z","caller":"core/lifecycle.go:338","msg":"Remote Listener Started on Port 23270"}
{"level":"debug","time":"2023-11-13T14:46:12.641Z","caller":"core/lifecycle.go:379","msg":"Context cancelled"}
{"level":"debug","time":"2023-11-13T14:46:12.641Z","caller":"custom/setup.go:740","msg":"Exiting the sink proxy"}
{"level":"info","time":"2023-11-13T14:46:12.641Z","caller":"core/lifecycle.go:381","msg":"Stopping tunnel"}
{"level":"debug","time":"2023-11-13T14:46:12.641Z","caller":"apiserver/setup.go:132","msg":"Shutting down the server"}
{"level":"debug","time":"2023-11-13T14:46:12.642Z","caller":"ssh/ssh.go:216","msg":"Successfully started sshd listener on port: 31390"}
{"level":"debug","time":"2023-11-13T14:46:12.642Z","caller":"ws/control.go:140","msg":"Unusual close error on control channel..."}
{"level":"debug","time":"2023-11-13T14:46:12.642Z","caller":"ws/control.go:193","msg":"Write loop ended for control channel"}
{"level":"debug","time":"2023-11-13T14:46:12.655Z","caller":"ssh/ssh.go:216","msg":"Successfully started sshd listener on port: 2242"}
{"level":"debug","time":"2023-11-13T14:46:12.674Z","caller":"ssh/ssh.go:216","msg":"Successfully started sshd listener on port: 16908"}
